Flow report for main
Mon Apr 21 15:16:10 2025
Quartus Prime Version 23.1std.0 Build 991 11/28/2023 SC Lite Edition


---------------------
; Table of Contents ;
---------------------
  1. Legal Notice
  2. Flow Summary
  3. Flow Settings
  4. Flow Non-Default Global Settings
  5. Flow Elapsed Time
  6. Flow OS Summary
  7. Flow Log
  8. Flow Messages
  9. Flow Suppressed Messages



----------------
; Legal Notice ;
----------------
Copyright (C) 2023  Intel Corporation. All rights reserved.
Your use of Intel Corporation's design tools, logic functions 
and other software and tools, and any partner logic 
functions, and any output files from any of the foregoing 
(including device programming or simulation files), and any 
associated documentation or information are expressly subject 
to the terms and conditions of the Intel Program License 
Subscription Agreement, the Intel Quartus Prime License Agreement,
the Intel FPGA IP License Agreement, or other applicable license
agreement, including, without limitation, that your use is for
the sole purpose of programming logic devices manufactured by
Intel and sold by Intel or its authorized distributors.  Please
refer to the applicable agreement for further details, at
https://fpgasoftware.intel.com/eula.



+----------------------------------------------------------------------------------+
; Flow Summary                                                                     ;
+---------------------------------+------------------------------------------------+
; Flow Status                     ; Successful - Mon Apr 21 15:16:10 2025          ;
; Quartus Prime Version           ; 23.1std.0 Build 991 11/28/2023 SC Lite Edition ;
; Revision Name                   ; main                                           ;
; Top-level Entity Name           ; Vilnius_oscillator                             ;
; Family                          ; Cyclone V                                      ;
; Device                          ; 5CSEMA5F31C6                                   ;
; Timing Models                   ; Final                                          ;
; Logic utilization (in ALMs)     ; 67 / 32,070 ( < 1 % )                          ;
; Total registers                 ; 234                                            ;
; Total pins                      ; 190 / 457 ( 42 % )                             ;
; Total virtual pins              ; 0                                              ;
; Total block memory bits         ; 90,112 / 4,065,280 ( 2 % )                     ;
; Total DSP Blocks                ; 1 / 87 ( 1 % )                                 ;
; Total HSSI RX PCSs              ; 0                                              ;
; Total HSSI PMA RX Deserializers ; 0                                              ;
; Total HSSI TX PCSs              ; 0                                              ;
; Total HSSI PMA TX Serializers   ; 0                                              ;
; Total PLLs                      ; 0 / 6 ( 0 % )                                  ;
; Total DLLs                      ; 0 / 4 ( 0 % )                                  ;
+---------------------------------+------------------------------------------------+


+-----------------------------------------+
; Flow Settings                           ;
+-------------------+---------------------+
; Option            ; Setting             ;
+-------------------+---------------------+
; Start date & time ; 04/21/2025 15:13:44 ;
; Main task         ; Compilation         ;
; Revision Name     ; main                ;
+-------------------+---------------------+


+--------------------------------------------------------------------------------------------------------------------------------------------------------+
; Flow Non-Default Global Settings                                                                                                                       ;
+--------------------------------------+----------------------------------------+---------------+--------------------+-----------------------------------+
; Assignment Name                      ; Value                                  ; Default Value ; Entity Name        ; Section Id                        ;
+--------------------------------------+----------------------------------------+---------------+--------------------+-----------------------------------+
; COMPILER_SIGNATURE_ID                ; 39908802898314.174523762311280         ; --            ; --                 ; --                                ;
; EDA_DESIGN_INSTANCE_NAME             ; NA                                     ; --            ; --                 ; RC_oscillator_tb                  ;
; EDA_GENERATE_FUNCTIONAL_NETLIST      ; Off                                    ; --            ; --                 ; eda_board_design_timing           ;
; EDA_GENERATE_FUNCTIONAL_NETLIST      ; Off                                    ; --            ; --                 ; eda_board_design_boundary_scan    ;
; EDA_GENERATE_FUNCTIONAL_NETLIST      ; Off                                    ; --            ; --                 ; eda_board_design_signal_integrity ;
; EDA_GENERATE_FUNCTIONAL_NETLIST      ; Off                                    ; --            ; --                 ; eda_board_design_symbol           ;
; EDA_NATIVELINK_SIMULATION_TEST_BENCH ; RC_oscillator_tb                       ; --            ; --                 ; eda_simulation                    ;
; EDA_OUTPUT_DATA_FORMAT               ; Vhdl                                   ; --            ; --                 ; eda_simulation                    ;
; EDA_SIMULATION_TOOL                  ; Questa Intel FPGA (VHDL)               ; <None>        ; --                 ; --                                ;
; EDA_TEST_BENCH_ENABLE_STATUS         ; TEST_BENCH_MODE                        ; --            ; --                 ; eda_simulation                    ;
; EDA_TEST_BENCH_FILE                  ; pkg/data_types.vhdl                    ; --            ; --                 ; RC_oscillator_tb                  ;
; EDA_TEST_BENCH_FILE                  ; deriv_calc_RC2.vhdl                    ; --            ; --                 ; RC_oscillator_tb                  ;
; EDA_TEST_BENCH_FILE                  ; RC2_oscillator.vhdl                    ; --            ; --                 ; RC_oscillator_tb                  ;
; EDA_TEST_BENCH_FILE                  ; RC2_oscillator_tb.vhdl                 ; --            ; --                 ; RC_oscillator_tb                  ;
; EDA_TEST_BENCH_MODULE_NAME           ; RC_oscillator_tb                       ; --            ; --                 ; RC_oscillator_tb                  ;
; EDA_TEST_BENCH_NAME                  ; RC_oscillator_tb                       ; --            ; --                 ; eda_simulation                    ;
; EDA_TEST_BENCH_RUN_SIM_FOR           ; 1 s                                    ; --            ; --                 ; RC_oscillator_tb                  ;
; EDA_TIME_SCALE                       ; 1 ps                                   ; --            ; --                 ; eda_simulation                    ;
; MAX_CORE_JUNCTION_TEMP               ; 85                                     ; --            ; --                 ; --                                ;
; MIN_CORE_JUNCTION_TEMP               ; 0                                      ; --            ; --                 ; --                                ;
; PARTITION_COLOR                      ; -- (Not supported for targeted family) ; --            ; Vilnius_oscillator ; Top                               ;
; PARTITION_FITTER_PRESERVATION_LEVEL  ; -- (Not supported for targeted family) ; --            ; Vilnius_oscillator ; Top                               ;
; PARTITION_NETLIST_TYPE               ; -- (Not supported for targeted family) ; --            ; Vilnius_oscillator ; Top                               ;
; POWER_BOARD_THERMAL_MODEL            ; None (CONSERVATIVE)                    ; --            ; --                 ; --                                ;
; POWER_PRESET_COOLING_SOLUTION        ; 23 MM HEAT SINK WITH 200 LFPM AIRFLOW  ; --            ; --                 ; --                                ;
; PROJECT_OUTPUT_DIRECTORY             ; output_files                           ; --            ; --                 ; --                                ;
; TOP_LEVEL_ENTITY                     ; Vilnius_oscillator                     ; main          ; --                 ; --                                ;
; VHDL_INPUT_VERSION                   ; VHDL_2008                              ; VHDL_1993     ; --                 ; --                                ;
; VHDL_SHOW_LMF_MAPPING_MESSAGES       ; Off                                    ; --            ; --                 ; --                                ;
+--------------------------------------+----------------------------------------+---------------+--------------------+-----------------------------------+


+--------------------------------------------------------------------------------------------------------------------------+
; Flow Elapsed Time                                                                                                        ;
+----------------------+--------------+-------------------------+---------------------+------------------------------------+
; Module Name          ; Elapsed Time ; Average Processors Used ; Peak Virtual Memory ; Total CPU Time (on all processors) ;
+----------------------+--------------+-------------------------+---------------------+------------------------------------+
; Analysis & Synthesis ; 00:00:07     ; 1.0                     ; 4907 MB             ; 00:00:09                           ;
; Fitter               ; 00:02:01     ; 1.0                     ; 7838 MB             ; 00:02:33                           ;
; Assembler            ; 00:00:07     ; 1.0                     ; 4875 MB             ; 00:00:05                           ;
; Timing Analyzer      ; 00:00:07     ; 1.3                     ; 5324 MB             ; 00:00:06                           ;
; EDA Netlist Writer   ; 00:00:01     ; 1.0                     ; 4737 MB             ; 00:00:01                           ;
; Total                ; 00:02:23     ; --                      ; --                  ; 00:02:54                           ;
+----------------------+--------------+-------------------------+---------------------+------------------------------------+


+------------------------------------------------------------------------------------+
; Flow OS Summary                                                                    ;
+----------------------+------------------+------------+------------+----------------+
; Module Name          ; Machine Hostname ; OS Name    ; OS Version ; Processor type ;
+----------------------+------------------+------------+------------+----------------+
; Analysis & Synthesis ; FOR_SCIENCE      ; Windows 10 ; 10.0       ; x86_64         ;
; Fitter               ; FOR_SCIENCE      ; Windows 10 ; 10.0       ; x86_64         ;
; Assembler            ; FOR_SCIENCE      ; Windows 10 ; 10.0       ; x86_64         ;
; Timing Analyzer      ; FOR_SCIENCE      ; Windows 10 ; 10.0       ; x86_64         ;
; EDA Netlist Writer   ; FOR_SCIENCE      ; Windows 10 ; 10.0       ; x86_64         ;
+----------------------+------------------+------------+------------+----------------+


------------
; Flow Log ;
------------
quartus_map --read_settings_files=on --write_settings_files=off main -c main
quartus_fit --read_settings_files=off --write_settings_files=off main -c main
quartus_asm --read_settings_files=off --write_settings_files=off main -c main
quartus_sta main -c main
quartus_eda --read_settings_files=off --write_settings_files=off main -c main



